2023-04-01 07:12:56 [INFO] : ++++++++++++++++++++++++++++++++++++++++++++
2023-04-01 07:12:56 [INFO] : 正在获取 [数字观星POC++] 威胁情报...
2023-04-01 07:12:58 [INFO] : 得到 [数字观星POC++] 最新威胁情报 [0] 条
2023-04-01 07:12:58 [INFO] : --------------------------------------------
2023-04-01 07:12:58 [INFO] : ++++++++++++++++++++++++++++++++++++++++++++
2023-04-01 07:12:58 [INFO] : 正在获取 [阿里云] 威胁情报...
2023-04-01 07:13:02 [INFO] : 得到 [阿里云] 最新威胁情报 [0] 条
2023-04-01 07:13:02 [INFO] : --------------------------------------------
2023-04-01 07:13:02 [INFO] : ++++++++++++++++++++++++++++++++++++++++++++
2023-04-01 07:13:02 [INFO] : 正在获取 [国家信息安全漏洞共享平台（CNVD）] 威胁情报...
2023-04-01 07:13:25 [INFO] : 得到 [国家信息安全漏洞共享平台（CNVD）] 最新威胁情报 [0] 条
2023-04-01 07:13:25 [INFO] : --------------------------------------------
2023-04-01 07:13:25 [INFO] : ++++++++++++++++++++++++++++++++++++++++++++
2023-04-01 07:13:25 [INFO] : 正在获取 [国家信息安全漏洞库（CNNVD）] 威胁情报...
2023-04-01 07:13:28 [WARNING] : 获取 [国家信息安全漏洞库（CNNVD）] 威胁情报失败： [HTTP Error 403]
2023-04-01 07:13:28 [INFO] : 得到 [国家信息安全漏洞库（CNNVD）] 最新威胁情报 [0] 条
2023-04-01 07:13:28 [INFO] : --------------------------------------------
2023-04-01 07:13:28 [INFO] : ++++++++++++++++++++++++++++++++++++++++++++
2023-04-01 07:13:28 [INFO] : 正在获取 [360 网络安全响应中心] 威胁情报...
2023-04-01 07:13:30 [INFO] : 得到 [360 网络安全响应中心] 最新威胁情报 [0] 条
2023-04-01 07:13:30 [INFO] : --------------------------------------------
2023-04-01 07:13:30 [INFO] : ++++++++++++++++++++++++++++++++++++++++++++
2023-04-01 07:13:30 [INFO] : 正在获取 [美国国家漏洞数据库（NVD）] 威胁情报...
2023-04-01 07:13:30 [INFO] : 得到 [美国国家漏洞数据库（NVD）] 最新威胁情报 [0] 条
2023-04-01 07:13:30 [INFO] : --------------------------------------------
2023-04-01 07:13:30 [INFO] : ++++++++++++++++++++++++++++++++++++++++++++
2023-04-01 07:13:30 [INFO] : 正在获取 [绿盟] 威胁情报...
2023-04-01 07:13:33 [INFO] : 得到 [绿盟] 最新威胁情报 [0] 条
2023-04-01 07:13:33 [INFO] : --------------------------------------------
2023-04-01 07:13:33 [INFO] : ++++++++++++++++++++++++++++++++++++++++++++
2023-04-01 07:13:33 [INFO] : 正在获取 [奇安信] 威胁情报...
2023-04-01 07:13:35 [INFO] : 得到 [奇安信] 最新威胁情报 [0] 条
2023-04-01 07:13:35 [INFO] : --------------------------------------------
2023-04-01 07:13:35 [INFO] : ++++++++++++++++++++++++++++++++++++++++++++
2023-04-01 07:13:35 [INFO] : 正在获取 [红后] 威胁情报...
2023-04-01 07:13:36 [INFO] : 得到 [红后] 最新威胁情报 [0] 条
2023-04-01 07:13:36 [INFO] : --------------------------------------------
2023-04-01 07:13:36 [INFO] : ++++++++++++++++++++++++++++++++++++++++++++
2023-04-01 07:13:36 [INFO] : 正在获取 [Tenable (Nessus)] 威胁情报...
2023-04-01 07:13:36 [INFO] : 得到 [Tenable (Nessus)] 最新威胁情报 [2] 条
2023-04-01 07:13:36 [INFO] : --------------------------------------------
2023-04-01 07:13:36 [INFO] : 
==============================================
[ TITLE ] NVIDIA DCGM for Linux contains a vulnerability in HostEngine (server component) where a user may cause a heap-based buffer overflow through the bound socket. A successful exploit of this vulnerability may lead to denial of service and data tampering.
[ TIME  ] 2023-04-01 04:15:00
[ CVE   ] CVE-2023-0208
[ SRC   ] Tenable (Nessus)
[ URL   ] https://www.tenable.com/cve/CVE-2023-0208
2023-04-01 07:13:36 [INFO] : 
==============================================
[ TITLE ] Improper Input Validation in GitHub repository firefly-iii/firefly-iii prior to 6.0.0.
[ TIME  ] 2023-04-01 02:15:00
[ CVE   ] CVE-2023-1789
[ SRC   ] Tenable (Nessus)
[ URL   ] https://www.tenable.com/cve/CVE-2023-1789
2023-04-01 07:13:37 [INFO] : [邮件] 正在通过 Github Actions 推送威胁情报...
2023-04-01 07:31:45 [INFO] : ++++++++++++++++++++++++++++++++++++++++++++
2023-04-01 07:31:45 [INFO] : 正在获取 [数字观星POC++] 威胁情报...
2023-04-01 07:31:47 [INFO] : 得到 [数字观星POC++] 最新威胁情报 [0] 条
2023-04-01 07:31:47 [INFO] : --------------------------------------------
2023-04-01 07:31:47 [INFO] : ++++++++++++++++++++++++++++++++++++++++++++
2023-04-01 07:31:47 [INFO] : 正在获取 [阿里云] 威胁情报...
2023-04-01 07:31:48 [INFO] : 得到 [阿里云] 最新威胁情报 [0] 条
2023-04-01 07:31:48 [INFO] : --------------------------------------------
2023-04-01 07:31:48 [INFO] : ++++++++++++++++++++++++++++++++++++++++++++
2023-04-01 07:31:48 [INFO] : 正在获取 [国家信息安全漏洞共享平台（CNVD）] 威胁情报...
2023-04-01 07:32:12 [INFO] : 得到 [国家信息安全漏洞共享平台（CNVD）] 最新威胁情报 [0] 条
2023-04-01 07:32:12 [INFO] : --------------------------------------------
2023-04-01 07:32:12 [INFO] : ++++++++++++++++++++++++++++++++++++++++++++
2023-04-01 07:32:12 [INFO] : 正在获取 [国家信息安全漏洞库（CNNVD）] 威胁情报...
2023-04-01 07:32:14 [WARNING] : 获取 [国家信息安全漏洞库（CNNVD）] 威胁情报失败： [HTTP Error 403]
2023-04-01 07:32:14 [INFO] : 得到 [国家信息安全漏洞库（CNNVD）] 最新威胁情报 [0] 条
2023-04-01 07:32:14 [INFO] : --------------------------------------------
2023-04-01 07:32:14 [INFO] : ++++++++++++++++++++++++++++++++++++++++++++
2023-04-01 07:32:14 [INFO] : 正在获取 [360 网络安全响应中心] 威胁情报...
2023-04-01 07:32:17 [INFO] : 得到 [360 网络安全响应中心] 最新威胁情报 [0] 条
2023-04-01 07:32:17 [INFO] : --------------------------------------------
2023-04-01 07:32:17 [INFO] : ++++++++++++++++++++++++++++++++++++++++++++
2023-04-01 07:32:17 [INFO] : 正在获取 [美国国家漏洞数据库（NVD）] 威胁情报...
2023-04-01 07:32:17 [INFO] : 得到 [美国国家漏洞数据库（NVD）] 最新威胁情报 [0] 条
2023-04-01 07:32:17 [INFO] : --------------------------------------------
2023-04-01 07:32:17 [INFO] : ++++++++++++++++++++++++++++++++++++++++++++
2023-04-01 07:32:17 [INFO] : 正在获取 [绿盟] 威胁情报...
2023-04-01 07:32:18 [INFO] : 得到 [绿盟] 最新威胁情报 [0] 条
2023-04-01 07:32:18 [INFO] : --------------------------------------------
2023-04-01 07:32:18 [INFO] : ++++++++++++++++++++++++++++++++++++++++++++
2023-04-01 07:32:18 [INFO] : 正在获取 [奇安信] 威胁情报...
2023-04-01 07:32:20 [INFO] : 得到 [奇安信] 最新威胁情报 [0] 条
2023-04-01 07:32:20 [INFO] : --------------------------------------------
2023-04-01 07:32:20 [INFO] : ++++++++++++++++++++++++++++++++++++++++++++
2023-04-01 07:32:20 [INFO] : 正在获取 [红后] 威胁情报...
2023-04-01 07:32:22 [INFO] : 得到 [红后] 最新威胁情报 [0] 条
2023-04-01 07:32:22 [INFO] : --------------------------------------------
2023-04-01 07:32:22 [INFO] : ++++++++++++++++++++++++++++++++++++++++++++
2023-04-01 07:32:22 [INFO] : 正在获取 [Tenable (Nessus)] 威胁情报...
2023-04-01 07:32:22 [INFO] : 得到 [Tenable (Nessus)] 最新威胁情报 [0] 条
2023-04-01 07:32:22 [INFO] : --------------------------------------------
